<?xml version="1.0" encoding="UTF-8"?>
<testsuite xmlns:xsi="http://www.w3.org/2001/XMLSchema-instance" xsi:noNamespaceSchemaLocation="https://maven.apache.org/surefire/maven-surefire-plugin/xsd/surefire-test-report-3.0.xsd" version="3.0" name="com.reactpetcare.carrito.CarritoApplicationTests" time="4.405" tests="1" errors="0" skipped="0" failures="0">
  <properties>
[...]
</properties>
  <testcase name="contextLoads" classname="com.reactpetcare.carrito.CarritoApplicationTests" time="0.418">
    <system-out><![CDATA[13:31:48.719 [main] INFO org.springframework.test.context.support.AnnotationConfigContextLoaderUtils -- Could not detect default configuration classes for test class [com.reactpetcare.carrito.CarritoApplicationTests]: CarritoApplicationTests does not declare any static, non-private, non-final, nested classes annotated with @Configuration.
13:31:48.796 [main] INFO org.springframework.boot.test.context.SpringBootTestContextBootstrapper -- Found @SpringBootConfiguration com.reactpetcare.carrito.CarritoApplication for test class com.reactpetcare.carrito.CarritoApplicationTests

  .   ____          _            __ _ _
 /\\ / ___'_ __ _ _(_)_ __  __ _ \ \ \ \
( ( )\___ | '_ | '_| | '_ \/ _` | \ \ \ \
 \\/  ___)| |_)| | | | | || (_| |  ) ) ) )
  '  |____| .__|_| |_|_| |_\__, | / / / /
 =========|_|==============|___/=/_/_/_/

 :: Spring Boot ::                (v3.3.5)

2025-12-17T13:31:49.098-03:00  INFO 8612 --- [carrito-test] [           main] c.r.carrito.CarritoApplicationTests      : Starting CarritoApplicationTests using Java 21.0.5 with PID 8612 (started by bruno in C:\Users\bruno\tiendamascotas\microservicio_react_petcare\carrito\carrito)
2025-12-17T13:31:49.099-03:00  INFO 8612 --- [carrito-test] [           main] c.r.carrito.CarritoApplicationTests      : No active profile set, falling back to 1 default profile: "default"
2025-12-17T13:31:49.747-03:00  INFO 8612 --- [carrito-test] [           main] .s.d.r.c.RepositoryConfigurationDelegate : Bootstrapping Spring Data JPA repositories in DEFAULT mode.
2025-12-17T13:31:49.858-03:00  INFO 8612 --- [carrito-test] [           main] .s.d.r.c.RepositoryConfigurationDelegate : Finished Spring Data repository scanning in 105 ms. Found 2 JPA repository interfaces.
2025-12-17T13:31:50.256-03:00  INFO 8612 --- [carrito-test] [           main] o.hibernate.jpa.internal.util.LogHelper  : HHH000204: Processing PersistenceUnitInfo [name: default]
2025-12-17T13:31:50.321-03:00  INFO 8612 --- [carrito-test] [           main] org.hibernate.Version                    : HHH000412: Hibernate ORM core version 6.5.3.Final
2025-12-17T13:31:50.362-03:00  INFO 8612 --- [carrito-test] [           main] o.h.c.internal.RegionFactoryInitiator    : HHH000026: Second-level cache disabled
2025-12-17T13:31:50.664-03:00  INFO 8612 --- [carrito-test] [           main] o.s.o.j.p.SpringPersistenceUnitInfo      : No LoadTimeWeaver setup: ignoring JPA class transformer
2025-12-17T13:31:50.690-03:00  INFO 8612 --- [carrito-test] [           main] com.zaxxer.hikari.HikariDataSource       : HikariPool-1 - Starting...
2025-12-17T13:31:50.839-03:00  INFO 8612 --- [carrito-test] [           main] com.zaxxer.hikari.pool.HikariPool        : HikariPool-1 - Added connection conn0: url=jdbc:h2:mem:testdb user=SA
2025-12-17T13:31:50.841-03:00  INFO 8612 --- [carrito-test] [           main] com.zaxxer.hikari.HikariDataSource       : HikariPool-1 - Start completed.
2025-12-17T13:31:50.860-03:00  WARN 8612 --- [carrito-test] [           main] org.hibernate.orm.deprecation            : HHH90000025: H2Dialect does not need to be specified explicitly using 'hibernate.dialect' (remove the property setting and it will be selected by default)
2025-12-17T13:31:51.584-03:00  INFO 8612 --- [carrito-test] [           main] o.h.e.t.j.p.i.JtaPlatformInitiator       : HHH000489: No JTA platform available (set 'hibernate.transaction.jta.platform' to enable JTA platform integration)
2025-12-17T13:31:51.620-03:00  INFO 8612 --- [carrito-test] [           main] j.LocalContainerEntityManagerFactoryBean : Initialized JPA EntityManagerFactory for persistence unit 'default'
2025-12-17T13:31:52.222-03:00  WARN 8612 --- [carrito-test] [           main] JpaBaseConfiguration$JpaWebConfiguration : spring.jpa.open-in-view is enabled by default. Therefore, database queries may be performed during view rendering. Explicitly configure spring.jpa.open-in-view to disable this warning
2025-12-17T13:31:52.559-03:00  INFO 8612 --- [carrito-test] [           main] c.r.carrito.CarritoApplicationTests      : Started CarritoApplicationTests in 3.644 seconds (process running for 4.396)
]]></system-out>
    <system-err><![CDATA[WARNING: A Java agent has been loaded dynamically (C:\Users\bruno\.m2\repository\net\bytebuddy\byte-buddy-agent\1.14.19\byte-buddy-agent-1.14.19.jar)
WARNING: If a serviceability tool is in use, please run with -XX:+EnableDynamicAgentLoading to hide this warning
WARNING: If a serviceability tool is not in use, please run with -Djdk.instrument.traceUsage for more information
WARNING: Dynamic loading of agents will be disallowed by default in a future release
]]></system-err>
  </testcase>
</testsuite>